-r-xr-xr-x    4085068 bin32/createcert
-r-xr-xr-x    3312724 bin32/createkey
-r-xr-xr-x     486612 bin32/dbbackup
-r-xr-xr-x     542292 bin32/dbdsn
-r-xr-xr-x     133200 bin32/dbexternc17
-r-xr-xr-x     485536 bin32/dbfhide
-r-xr-xr-x    1060332 bin32/dbisqlc
-r-xr-xr-x     537556 bin32/dblocate
-r-xr-xr-x     959560 bin32/dbns17
-r-xr-xr-x     500656 bin32/dbping
-r-xr-xr-x     903152 bin32/dbsupport
-r-xr-xr-x     552732 bin32/dbtsinfo
-r-xr-xr-x     492784 bin32/dbunload
-r-xr-xr-x     486164 bin32/dbupgrad
-r-xr-xr-x     486900 bin32/dbvalid
-r-xr-xr-x     499020 bin32/dbversion
-r-xr-xr-x       5262 bin32/htmlview
-r--r--r--       4124 bin32/jsenv.js
-r-xr-xr-x       4597 bin32/perlenv.pl
-r-xr-xr-x       8336 bin32/phpenv.php
-r-xr-xr-x    4056680 bin32/viewcert
-r-xr-xr-x    3802008 bin64/createcert
-r-xr-xr-x    3066848 bin64/createkey
-r-xr-xr-x     498512 bin64/dbbackup
-r-xr-xr-x     555536 bin64/dbdsn
-r-xr-xr-x     132440 bin64/dbexternc17
-r-xr-xr-x     496032 bin64/dbfhide
-r-xr-xr-x    1079408 bin64/dbisqlc
-r-xr-xr-x     549424 bin64/dblocate
-r-xr-xr-x     974952 bin64/dbns17
-r-xr-xr-x     510960 bin64/dbping
-r-xr-xr-x     901920 bin64/dbsupport
-r-xr-xr-x     562736 bin64/dbtsinfo
-r-xr-xr-x     504848 bin64/dbunload
-r-xr-xr-x     496496 bin64/dbupgrad
-r-xr-xr-x     498416 bin64/dbvalid
-r-xr-xr-x     512152 bin64/dbversion
-r-xr-xr-x       5262 bin64/htmlview
-r--r--r--       4124 bin64/jsenv.js
-r-xr-xr-x       4597 bin64/perlenv.pl
-r-xr-xr-x       8336 bin64/phpenv.php
-r-xr-xr-x    3773816 bin64/viewcert
-r-xr-xr-x     456448 deployment/bin32/csconvert
-r-xr-xr-x    1631224 deployment/bin32/dbinstall
-r-xr-xr-x     260028 deployment/bin32/gsetup
-r-xr-xr-x       5168 deployment/bin32/is_utf8
-r-xr-xr-x     465160 deployment/bin64/csconvert
-r-xr-xr-x    1594864 deployment/bin64/dbinstall
-r-xr-xr-x     255824 deployment/bin64/gsetup
-r-xr-xr-x       7456 deployment/bin64/is_utf8
-rw-r--r--     125260 deployment/deploy.noarch.tic
-r-xr-xr-x       5177 deployment/deployment_wizard.sh
lrwxrwxrwx         15 deployment/lib32/libdbicu17.so
-r-xr-xr-x    1676736 deployment/lib32/libdbicu17.so.1
lrwxrwxrwx         17 deployment/lib32/libdbicu17_r.so
-r-xr-xr-x    1679488 deployment/lib32/libdbicu17_r.so.1
lrwxrwxrwx         17 deployment/lib32/libdbtasks17.so
-r-xr-xr-x     162660 deployment/lib32/libdbtasks17.so.1
lrwxrwxrwx         19 deployment/lib32/libdbtasks17_r.so
-r-xr-xr-x     180564 deployment/lib32/libdbtasks17_r.so.1
lrwxrwxrwx         15 deployment/lib64/libdbicu17.so
-r-xr-xr-x    1788432 deployment/lib64/libdbicu17.so.1
lrwxrwxrwx         17 deployment/lib64/libdbicu17_r.so
-r-xr-xr-x    1788976 deployment/lib64/libdbicu17_r.so.1
lrwxrwxrwx         17 deployment/lib64/libdbtasks17.so
-r-xr-xr-x     170608 deployment/lib64/libdbtasks17.so.1
lrwxrwxrwx         19 deployment/lib64/libdbtasks17_r.so
-r-xr-xr-x     186016 deployment/lib64/libdbtasks17_r.so.1
-r--r--r--    4254768 deployment/res/dbicudt17.dat
-r--r--r--      14540 deployment/res/language/all_langs_icon_resources_utf8.txt
-r-xr-xr-x      25682 deployment/res/language/common.sh
-r--r--r--      78393 deployment/res/language/de/messages.txt
-r--r--r--      71394 deployment/res/language/en/messages.txt
-r--r--r--      80005 deployment/res/language/fr/messages.txt
-r--r--r--      87478 deployment/res/language/ja/messages.txt
-r--r--r--      68508 deployment/res/language/zh/messages.txt
-rw-r--r--       1164 deployment/res/scripts/array.sh
-rw-r--r--       2217 deployment/res/scripts/checkupdates.sh
-rwxr-xr-x       1111 deployment/res/scripts/cleanup.sh
-rw-r--r--       1547 deployment/res/scripts/client_flow.sh
-rw-r--r--       6949 deployment/res/scripts/cmdline.sh
-rwxr-xr-x       5252 deployment/res/scripts/component_spt.sh
-rw-r--r--        531 deployment/res/scripts/config.sh
-rw-r--r--      26887 deployment/res/scripts/console_ui.sh
-rw-r--r--        414 deployment/res/scripts/csconvert.sh
-rw-r--r--       1085 deployment/res/scripts/csh_support.sh
-rw-r--r--       8843 deployment/res/scripts/dbcloud.sh
-rw-r--r--       3538 deployment/res/scripts/dbcloud_flow.sh
-rw-r--r--       1287 deployment/res/scripts/deploy_flow.sh
-rw-r--r--        729 deployment/res/scripts/deploy_wizard.sh
-rw-r--r--       8288 deployment/res/scripts/directory.sh
-rw-r--r--       2084 deployment/res/scripts/diskspace.sh
-rw-r--r--        986 deployment/res/scripts/distro.sh
-rw-r--r--       1577 deployment/res/scripts/doc_flow.sh
-rw-r--r--       1152 deployment/res/scripts/feature_tracking.sh
-rw-r--r--      27594 deployment/res/scripts/generated.sh
-rwxr-xr-x      60363 deployment/res/scripts/installicon.sh
-rw-r--r--      12260 deployment/res/scripts/interactive_ui.sh
-rwxr-xr-x        622 deployment/res/scripts/language.sh
-rw-r--r--       7346 deployment/res/scripts/license.sh
-rw-r--r--        410 deployment/res/scripts/licenser_flow.sh
-rw-r--r--       2951 deployment/res/scripts/links.sh
-rw-r--r--       4973 deployment/res/scripts/options.sh
-rw-r--r--       4907 deployment/res/scripts/os.sh
-rw-r--r--       9271 deployment/res/scripts/package.sh
-rw-r--r--        996 deployment/res/scripts/panel.sh
-rw-r--r--       3120 deployment/res/scripts/platform.sh
-rw-r--r--       3347 deployment/res/scripts/populate_menus.sh
-rw-r--r--       2308 deployment/res/scripts/registration.sh
-rw-r--r--        763 deployment/res/scripts/rollback.sh
-rw-r--r--      13116 deployment/res/scripts/runinstall.sh
-rw-r--r--       7019 deployment/res/scripts/samon.sh
-rw-r--r--       3176 deployment/res/scripts/samon_flow.sh
-rw-r--r--        838 deployment/res/scripts/sh_support.sh
-rwxr-xr-x       1019 deployment/res/scripts/shortcuts.sh
-rwxr-xr-x        545 deployment/res/scripts/sighndlr.sh
-rw-r--r--       6297 deployment/res/scripts/silent_ui.sh
-rw-r--r--       2014 deployment/res/scripts/sqlcentral.sh
-rw-r--r--       5456 deployment/res/scripts/standard_flow.sh
-rw-r--r--       1460 deployment/res/scripts/summary.sh
-rw-r--r--        934 deployment/res/scripts/ui.sh
-rw-r--r--       3337 deployment/res/scripts/upgrade.sh
-rwxr-xr-x       1014 deployment/res/scripts/user.sh
-rw-r--r--       2803 deployment/res/scripts/utility.sh
-rw-r--r--       2982 deployment/res/scripts/versioning.sh
-r--r--r--     325299 java/jodbc4.jar
-r--r--r--     324077 java/sajdbc4.jar
lrwxrwxrwx         14 lib32/libdbcapi.so
-r-xr-xr-x     174336 lib32/libdbcapi.so.1
lrwxrwxrwx         16 lib32/libdbcapi_r.so
-r-xr-xr-x     178468 lib32/libdbcapi_r.so.1
lrwxrwxrwx         20 lib32/libdbextenv17_r.so
-r-xr-xr-x     534056 lib32/libdbextenv17_r.so.1
lrwxrwxrwx         15 lib32/libdbicu17.so
-r-xr-xr-x    1676812 lib32/libdbicu17.so.1
lrwxrwxrwx         17 lib32/libdbicu17_r.so
-r-xr-xr-x    1679568 lib32/libdbicu17_r.so.1
lrwxrwxrwx         17 lib32/libdbicudt17.so
-r-xr-xr-x    4259244 lib32/libdbicudt17.so.1
lrwxrwxrwx         16 lib32/libdbjdbc17.so
-r-xr-xr-x    2753900 lib32/libdbjdbc17.so.1
lrwxrwxrwx         17 lib32/libdbjodbc17.so
-r-xr-xr-x    1290588 lib32/libdbjodbc17.so.1
lrwxrwxrwx         16 lib32/libdbldap17.so
-r-xr-xr-x    1002932 lib32/libdbldap17.so.1
lrwxrwxrwx         18 lib32/libdbldap17_r.so
-r-xr-xr-x    1023604 lib32/libdbldap17_r.so.1
lrwxrwxrwx         15 lib32/libdblib17.so
-r-xr-xr-x    1428552 lib32/libdblib17.so.1
lrwxrwxrwx         17 lib32/libdblib17_r.so
-r-xr-xr-x    1461500 lib32/libdblib17_r.so.1
lrwxrwxrwx         16 lib32/libdbodbc17.so
-r-xr-xr-x     197924 lib32/libdbodbc17.so.1
lrwxrwxrwx         18 lib32/libdbodbc17_n.so
-r-xr-xr-x    1683880 lib32/libdbodbc17_n.so.1
lrwxrwxrwx         18 lib32/libdbodbc17_r.so
-r-xr-xr-x    1720944 lib32/libdbodbc17_r.so.1
lrwxrwxrwx         22 lib32/libdbodbcansi17_r.so
-r-xr-xr-x    1716820 lib32/libdbodbcansi17_r.so.1
lrwxrwxrwx         22 lib32/libdbodbcinst17_r.so
-r-xr-xr-x     506848 lib32/libdbodbcinst17_r.so.1
lrwxrwxrwx         15 lib32/libdbodm17.so
-r-xr-xr-x     642236 lib32/libdbodm17.so.1
lrwxrwxrwx         17 lib32/libdboftsp_r.so
-r-xr-xr-x      79196 lib32/libdboftsp_r.so.1
lrwxrwxrwx         15 lib32/libdbrsa17.so
-r-xr-xr-x     714808 lib32/libdbrsa17.so.1
lrwxrwxrwx         17 lib32/libdbrsa17_r.so
-r-xr-xr-x     719184 lib32/libdbrsa17_r.so.1
lrwxrwxrwx         19 lib32/libdbrsakp17_r.so
-r-xr-xr-x     611716 lib32/libdbrsakp17_r.so.1
lrwxrwxrwx         20 lib32/libdbscript17_r.so
-r-xr-xr-x    1180228 lib32/libdbscript17_r.so.1
lrwxrwxrwx         17 lib32/libdbtasks17.so
-r-xr-xr-x     162736 lib32/libdbtasks17.so.1
lrwxrwxrwx         19 lib32/libdbtasks17_r.so
-r-xr-xr-x     180644 lib32/libdbtasks17_r.so.1
lrwxrwxrwx         18 lib32/libdbtool17_r.so
-r-xr-xr-x    2345224 lib32/libdbtool17_r.so.1
lrwxrwxrwx         20 lib32/libodbcinst.so
lrwxrwxrwx         22 lib32/libodbcinst.so.1
lrwxrwxrwx         22 lib32/libodbcinst.so.2
-r-xr-xr-x    5130067 lib32/libsapcrypto.so
lrwxrwxrwx         14 lib64/libdbcapi.so
-r-xr-xr-x     177472 lib64/libdbcapi.so.1
lrwxrwxrwx         16 lib64/libdbcapi_r.so
-r-xr-xr-x     181640 lib64/libdbcapi_r.so.1
lrwxrwxrwx         20 lib64/libdbextenv17_r.so
-r-xr-xr-x     602944 lib64/libdbextenv17_r.so.1
lrwxrwxrwx         15 lib64/libdbicu17.so
-r-xr-xr-x    1788528 lib64/libdbicu17.so.1
lrwxrwxrwx         17 lib64/libdbicu17_r.so
-r-xr-xr-x    1789080 lib64/libdbicu17_r.so.1
lrwxrwxrwx         17 lib64/libdbicudt17.so
-r-xr-xr-x    4260480 lib64/libdbicudt17.so.1
lrwxrwxrwx         16 lib64/libdbjdbc17.so
-r-xr-xr-x    2887800 lib64/libdbjdbc17.so.1
lrwxrwxrwx         17 lib64/libdbjodbc17.so
-r-xr-xr-x    1346600 lib64/libdbjodbc17.so.1
lrwxrwxrwx         16 lib64/libdbldap17.so
-r-xr-xr-x    1071256 lib64/libdbldap17.so.1
lrwxrwxrwx         18 lib64/libdbldap17_r.so
-r-xr-xr-x    1096216 lib64/libdbldap17_r.so.1
lrwxrwxrwx         15 lib64/libdblib17.so
-r-xr-xr-x    1506048 lib64/libdblib17.so.1
lrwxrwxrwx         17 lib64/libdblib17_r.so
-r-xr-xr-x    1545576 lib64/libdblib17_r.so.1
lrwxrwxrwx         16 lib64/libdbodbc17.so
-r-xr-xr-x     224680 lib64/libdbodbc17.so.1
lrwxrwxrwx         18 lib64/libdbodbc17_n.so
-r-xr-xr-x    1763696 lib64/libdbodbc17_n.so.1
lrwxrwxrwx         18 lib64/libdbodbc17_r.so
-r-xr-xr-x    1804560 lib64/libdbodbc17_r.so.1
lrwxrwxrwx         22 lib64/libdbodbcansi17_r.so
-r-xr-xr-x    1804312 lib64/libdbodbcansi17_r.so.1
lrwxrwxrwx         22 lib64/libdbodbcinst17_r.so
-r-xr-xr-x     577000 lib64/libdbodbcinst17_r.so.1
lrwxrwxrwx         15 lib64/libdbodm17.so
-r-xr-xr-x     735576 lib64/libdbodm17.so.1
lrwxrwxrwx         17 lib64/libdboftsp_r.so
-r-xr-xr-x     101024 lib64/libdboftsp_r.so.1
lrwxrwxrwx         15 lib64/libdbrsa17.so
-r-xr-xr-x     782296 lib64/libdbrsa17.so.1
lrwxrwxrwx         17 lib64/libdbrsa17_r.so
-r-xr-xr-x     786544 lib64/libdbrsa17_r.so.1
lrwxrwxrwx         19 lib64/libdbrsakp17_r.so
-r-xr-xr-x     691616 lib64/libdbrsakp17_r.so.1
lrwxrwxrwx         20 lib64/libdbscript17_r.so
-r-xr-xr-x    1185616 lib64/libdbscript17_r.so.1
lrwxrwxrwx         17 lib64/libdbtasks17.so
-r-xr-xr-x     170704 lib64/libdbtasks17.so.1
lrwxrwxrwx         19 lib64/libdbtasks17_r.so
-r-xr-xr-x     186120 lib64/libdbtasks17_r.so.1
lrwxrwxrwx         18 lib64/libdbtool17_r.so
-r-xr-xr-x    2397456 lib64/libdbtool17_r.so.1
lrwxrwxrwx         20 lib64/libodbcinst.so
lrwxrwxrwx         22 lib64/libodbcinst.so.1
lrwxrwxrwx         22 lib64/libodbcinst.so.2
-r-xr-xr-x    5706913 lib64/libsapcrypto.so
-r-xr-xr-x     962272 node/sqlanywhere-xs/bin32/sqlanywhere_xs_v10.node
-r-xr-xr-x     966144 node/sqlanywhere-xs/bin32/sqlanywhere_xs_v5.node
-r-xr-xr-x     964960 node/sqlanywhere-xs/bin32/sqlanywhere_xs_v6.node
-r-xr-xr-x     965728 node/sqlanywhere-xs/bin32/sqlanywhere_xs_v7.node
-r-xr-xr-x     965728 node/sqlanywhere-xs/bin32/sqlanywhere_xs_v8.node
-r-xr-xr-x     960864 node/sqlanywhere-xs/bin32/sqlanywhere_xs_v9.node
-r-xr-xr-x     971576 node/sqlanywhere-xs/bin64/sqlanywhere_xs_v10.node
-r-xr-xr-x     971576 node/sqlanywhere-xs/bin64/sqlanywhere_xs_v5.node
-r-xr-xr-x     971576 node/sqlanywhere-xs/bin64/sqlanywhere_xs_v6.node
-r-xr-xr-x     971576 node/sqlanywhere-xs/bin64/sqlanywhere_xs_v7.node
-r-xr-xr-x     971576 node/sqlanywhere-xs/bin64/sqlanywhere_xs_v8.node
-r-xr-xr-x     967512 node/sqlanywhere-xs/bin64/sqlanywhere_xs_v9.node
-r--r--r--       1361 node/sqlanywhere-xs/lib/index.js
-r--r--r--        289 node/sqlanywhere-xs/package.json
-r-xr-xr-x     896088 node/sqlanywhere_jsextenv/bin32/jsextenv_v10.node
-r-xr-xr-x     896088 node/sqlanywhere_jsextenv/bin32/jsextenv_v5.node
-r-xr-xr-x     896088 node/sqlanywhere_jsextenv/bin32/jsextenv_v6.node
-r-xr-xr-x     896088 node/sqlanywhere_jsextenv/bin32/jsextenv_v7.node
-r-xr-xr-x     896088 node/sqlanywhere_jsextenv/bin32/jsextenv_v8.node
-r-xr-xr-x     896088 node/sqlanywhere_jsextenv/bin32/jsextenv_v9.node
-r-xr-xr-x     914800 node/sqlanywhere_jsextenv/bin64/jsextenv_v10.node
-r-xr-xr-x     914672 node/sqlanywhere_jsextenv/bin64/jsextenv_v5.node
-r-xr-xr-x     914672 node/sqlanywhere_jsextenv/bin64/jsextenv_v6.node
-r-xr-xr-x     914736 node/sqlanywhere_jsextenv/bin64/jsextenv_v7.node
-r-xr-xr-x     914736 node/sqlanywhere_jsextenv/bin64/jsextenv_v8.node
-r-xr-xr-x     914736 node/sqlanywhere_jsextenv/bin64/jsextenv_v9.node
-r--r--r--        785 node/sqlanywhere_jsextenv/lib/index.js
-r--r--r--        249 node/sqlanywhere_jsextenv/package.json
-r--r--r--      10991 readme_de.txt
-r--r--r--       9594 readme_en.txt
-r--r--r--      11481 readme_fr.txt
-r--r--r--      13234 readme_ja.txt
-r--r--r--       9115 readme_zh.txt
-r--r--r--       4013 res/DBProfiler.png
-r--r--r--      15206 res/InteractiveSQL.png
-r--r--r--      15364 res/MobiLinkMonitor.png
-r--r--r--       1016 res/SAMonitor16.png
-r--r--r--       5452 res/SQLAnywhere.png
-r--r--r--       5975 res/SQLAnywhereServer.png
-r--r--r--      15103 res/SQLCentral.png
-r--r--r--     741872 res/dblgde17_iso_1.res
-r--r--r--     748904 res/dblgde17_utf8.res
-r--r--r--     649244 res/dblgen17.res
-r--r--r--     779536 res/dblgfr17_iso_1.res
-r--r--r--     797544 res/dblgfr17_utf8.res
-r--r--r--     691328 res/dblgja17_eucjis.res
-r--r--r--     691320 res/dblgja17_sjis.res
-r--r--r--     912792 res/dblgja17_utf8.res
-r--r--r--     471864 res/dblgzh17_cp936.res
-r--r--r--     471840 res/dblgzh17_eucgb.res
-r--r--r--     590080 res/dblgzh17_utf8.res
-r--r--r--        819 samples/certificates/readme.txt
-rw-rw-rw-       4421 samples/certificates/rsaclient.id
-rw-rw-rw-       4271 samples/certificates/rsaclient_nopwd.id
-rw-rw-rw-       1298 samples/certificates/rsaroot.crt
-rw-rw-rw-       1858 samples/certificates/rsaroot.key
-rw-rw-rw-       4421 samples/certificates/rsaserver.id
-rw-rw-rw-       4267 samples/certificates/rsaserver_nopwd.id
-r--r--r--       7545 sdk/c/sacapidll.c
-r--r--r--        889 sdk/c/sqlcadat.c
-r--r--r--      14908 sdk/include/dbrmt.h
-r--r--r--       1514 sdk/include/dbtlvers.h
-r--r--r--      85590 sdk/include/dbtools.h
-r--r--r--       5585 sdk/include/dllapi.h
-r--r--r--        461 sdk/include/lictype.h
-r--r--r--      29222 sdk/include/mlfiletransfer.h
-r--r--r--     117757 sdk/include/odbc.h
-r--r--r--       2105 sdk/include/poppk.h
-r--r--r--       2232 sdk/include/pshpk1.h
-r--r--r--       2233 sdk/include/pshpk2.h
-r--r--r--       2214 sdk/include/pshpk4.h
-r--r--r--      61867 sdk/include/sacapi.h
-r--r--r--      17497 sdk/include/sacapidll.h
-r--r--r--       2042 sdk/include/saodbc.h
-r--r--r--      11150 sdk/include/sqlca.h
-r--r--r--       2420 sdk/include/sqlda.h
-r--r--r--       7184 sdk/include/sqldef.h
-r--r--r--      95105 sdk/include/sqlerr.h
-r--r--r--       9308 sdk/include/sqlfuncs.h
-r--r--r--       4904 sdk/include/sqlos.h
-r--r--r--      95277 sdk/include/sqlstate.h
-r--r--r--       2829 sdk/include/sqltype.h
-r--r--r--        459 sdk/include/unixodbc.h
-r--r--r--       9395 sdk/perlenv/Makefile.PL
-r--r--r--        956 sdk/perlenv/SAExtEnvIO.pm
-r--r--r--       1333 sdk/perlenv/SAPerlGlue.pm
-r--r--r--        642 sdk/perlenv/consts.h
-r--r--r--       1007 sdk/perlenv/dolink.pl
-r--r--r--       3744 sdk/perlenv/extenv.h
-r--r--r--        950 sdk/perlenv/langload.h
-r--r--r--       7527 sdk/perlenv/perlglue.xs
-r--r--r--       2884 sdk/phpenv/config.m4
-r--r--r--        642 sdk/phpenv/consts.h
-r--r--r--       3744 sdk/phpenv/extenv.h
-r--r--r--        950 sdk/phpenv/langload.h
-r--r--r--       1243 sdk/phpenv/php_sqlanywhere_extenv.h
-r--r--r--      61359 sdk/phpenv/sqlanywhere_extenv.c
-r--r--r--       2023 selinux/README
-r-xr-xr-x        373 selinux/buildfc.sh
-r--r--r--       1135 selinux/sqlanywhere.fct
-r--r--r--       2341 selinux/sqlanywhere.if
-r--r--r--       6880 selinux/sqlanywhere.te
-r--r--r--       6893 support/de/OnlineResources.html
-r--r--r--       5988 support/en/OnlineResources.html
-r--r--r--       7663 support/fr/OnlineResources.html
-r--r--r--       7153 support/ja/OnlineResources.html
-r--r--r--       5394 support/zh/OnlineResources.html
-r--r--r--      69522 thirdpartylegal/SQLAnywhere17ThirdPartyLegal.pdf
-r--r--r--      59583 thirdpartylegal/SQLAnywhere17ThirdPartyLegal.txt
-r--r--r--       6008 tix/default.tix
-r-xr-xr-x      85641 uninstall.sh
ok
